<?xml version="1.0" encoding="UTF-8"?>
<!-- Generated by org.testng.reporters.JUnitXMLReporter -->
<testsuite hostname="DESKTOP-NV32LEE" ignored="3" name="car loan/" tests="2" failures="0" timestamp="12 Apr 2018 07:04:23 GMT" time="0.016" errors="0">
  <testcase name="logInAPICarLoan" time="0.0" classname="test.day3"/>
  <testcase name="webLoginCarLoan" time="0.0" classname="test.day3"/>
  <testcase name="mobileSigninCarLoan" time="0.0" classname="test.day3">
    <ignored/>
  </testcase> <!-- mobileSigninCarLoan -->
  <testcase name="mobileLoginCarLoan" time="0.0" classname="test.day3">
    <ignored/>
  </testcase> <!-- mobileLoginCarLoan -->
  <testcase name="mobileLogOutCarLoan" time="0.0" classname="test.day3">
    <ignored/>
  </testcase> <!-- mobileLogOutCarLoan -->
</testsuite> <!-- car loan/ -->
