<?xml version="1.0" encoding="UTF-8"?>
<!-- Generated by org.testng.reporters.JUnitXMLReporter -->
<testsuite hostname="DESKTOP-NV32LEE" ignored="1" name="personal loan" tests="4" failures="0" timestamp="12 Apr 2018 10:30:56 GMT" time="0.076" errors="0">
  <testcase name="mobileLogOutCarLoan" time="0.022" classname="test.day3"/>
  <testcase name="webLoginCarLoan" time="0.003" classname="test.day3"/>
  <testcase name="mobileLoginCarLoan" time="0.008" classname="test.day3"/>
  <testcase name="APIloginCarLoan" time="0.001" classname="test.day3"/>
  <testcase name="mobileSigninCarLoan" time="0.0" classname="test.day3">
    <ignored/>
  </testcase> <!-- mobileSigninCarLoan -->
</testsuite> <!-- personal loan -->
