<?xml version="1.0" encoding="UTF-8"?>
<testng-results skipped="0" failed="0" total="1" passed="1">
  <reporter-output>
  </reporter-output>
  <suite name="Default suite" duration-ms="19137" started-at="2018-04-15T04:39:36Z" finished-at="2018-04-15T04:39:55Z">
    <groups>
    </groups>
    <test name="Default test" duration-ms="19137" started-at="2018-04-15T04:39:36Z" finished-at="2018-04-15T04:39:55Z">
      <class name="testCases.qaclick">
        <test-method status="PASS" signature="qaclick()[pri:0, instance:testCases.qaclick@77caeb3e]" name="qaclick" duration-ms="19115" started-at="2018-04-15T10:09:36Z" finished-at="2018-04-15T10:09:55Z">
          <reporter-output>
          </reporter-output>
        </test-method> <!-- qaclick -->
      </class> <!-- testCases.qaclick -->
    </test> <!-- Default test -->
  </suite> <!-- Default suite -->
</testng-results>
