<?xml version="1.0" encoding="UTF-8"?>
<testng-results skipped="0" failed="0" total="1" passed="1">
  <reporter-output>
  </reporter-output>
  <suite name="Default suite" duration-ms="18864" started-at="2018-04-14T12:21:46Z" finished-at="2018-04-14T12:22:05Z">
    <groups>
    </groups>
    <test name="Default test" duration-ms="18864" started-at="2018-04-14T12:21:46Z" finished-at="2018-04-14T12:22:05Z">
      <class name="testcases.qaclick">
        <test-method status="PASS" signature="login()[pri:0, instance:testcases.qaclick@77caeb3e]" name="login" duration-ms="18844" started-at="2018-04-14T17:51:46Z" finished-at="2018-04-14T17:52:05Z">
          <reporter-output>
          </reporter-output>
        </test-method> <!-- login -->
      </class> <!-- testcases.qaclick -->
    </test> <!-- Default test -->
  </suite> <!-- Default suite -->
</testng-results>
