<?xml version="1.0" encoding="UTF-8"?>
<!-- Generated by org.testng.reporters.JUnitXMLReporter -->
<testsuite hostname="DESKTOP-NV32LEE" ignored="0" name="Default test" tests="4" failures="0" timestamp="25 Apr 2018 12:10:18 GMT" time="0.071" errors="0">
  <testcase name="enterUrl" time="0.013" classname="test.dataProvider"/>
  <testcase name="logIn" time="0.006" classname="test.dataProvider"/>
  <testcase name="logIn" time="0.001" classname="test.dataProvider"/>
  <testcase name="logIn" time="0.001" classname="test.dataProvider"/>
</testsuite> <!-- Default test -->
