<?xml version="1.0" encoding="UTF-8"?>
<testng-results skipped="0" failed="0" total="1" passed="1">
  <reporter-output>
  </reporter-output>
  <suite name="Default suite" duration-ms="16421" started-at="2018-04-20T12:26:20Z" finished-at="2018-04-20T12:26:37Z">
    <groups>
    </groups>
    <test name="Default test" duration-ms="16421" started-at="2018-04-20T12:26:20Z" finished-at="2018-04-20T12:26:37Z">
      <class name="scrollBy.scrollToBottom">
        <test-method status="PASS" signature="scrollToBottom()[pri:0, instance:scrollBy.scrollToBottom@6a41eaa2]" name="scrollToBottom" duration-ms="16401" started-at="2018-04-20T17:56:20Z" finished-at="2018-04-20T17:56:37Z">
          <reporter-output>
          </reporter-output>
        </test-method> <!-- scrollToBottom -->
      </class> <!-- scrollBy.scrollToBottom -->
    </test> <!-- Default test -->
  </suite> <!-- Default suite -->
</testng-results>
